<?xml version="1.0" encoding="UTF-8"?>
<!-- Generated by org.testng.reporters.JUnitReportReporter -->
<testsuite hostname="Ahmed-Selim" failures="0" tests="1" name="Axis.Axis_App.AppTest" time="0.012" errors="0" timestamp="2022-07-28T14:03:02 EET" skipped="0">
  <testcase classname="Axis.Axis_App.AppTest" name="shouldAnswerWithTrue" time="0.012"/>
  <system-out/>
</testsuite> <!-- Axis.Axis_App.AppTest -->
