<?xml version="1.0" encoding="UTF-8"?>
<!-- Generated by org.testng.reporters.JUnitReportReporter -->
<testsuite hostname="Nada-Ahmed" failures="0" tests="1" name="Axis.Axis_App.P2pTest" time="45.285" errors="0" timestamp="2022-08-25T21:44:20 PDT" skipped="0">
  <testcase classname="Axis.Axis_App.P2pTest" name="CheckFeesDisplayInLatesttranx" time="45.285"/>
  <system-out/>
</testsuite> <!-- Axis.Axis_App.P2pTest -->
