<?xml version="1.0" encoding="UTF-8"?>
<!-- Generated by org.testng.reporters.JUnitReportReporter -->
<testsuite hostname="Nada-Ahmed" failures="0" tests="1" name="Axis.Axis_App.RegistrationTest" time="58.140" errors="0" timestamp="2022-08-23T20:09:23 PDT" skipped="0">
  <testcase classname="Axis.Axis_App.RegistrationTest" name="CheckOpenLoginPage" time="58.140"/>
  <system-out/>
</testsuite> <!-- Axis.Axis_App.RegistrationTest -->
